---------------------------------------------------------------
[ 2017-09-25T18:07:23+08:00 ] ::1 ::1 GET /index.php/mp/message/getmsgstatustotal.html
[ info ] r.com/index.php/mp/message/getmsgstatustotal.html [运行时间：0.039250s][吞吐率：25.48req/s] [内存消耗：2,578.16kb] [文件加载：42]
[ info ] [ LANG ] /Users/ima/GitHub/rhaphp/thinkphp/lang/zh-cn.php
[ info ] [ ROUTE ] array (
  'type' => 'module',
  'module' => 
  array (
    0 => 'mp',
    1 => 'message',
    2 => 'getmsgstatustotal',
  ),
)
[ info ] [ HEADER ] array (
  'connection' => 'keep-alive',
  'cookie' => 'admin=think%3A%7B%22id%22%3A%221%22%2C%22admin_name%22%3A%22admin%22%2C%22password%22%3A%222eed9b3a0ef3b6562bc9e378e8f1c9e3%22%2C%22status%22%3A%221%22%2C%22ip%22%3A%220.0.0.0%22%2C%22last_time%22%3A%221506308808%22%2C%22rand_str%22%3A%22pyYThK%22%2C%22admin_id%22%3A%221%22%7D; PHPSESSID=82a19580b07dbd41b71aa8fbf20f54ca',
  'referer' => 'http://r.com/index.php/mp/mp/index.html',
  'x-requested-with' => 'XMLHttpRequest',
  'accept-encoding' => 'gzip, deflate',
  'accept-language' => 'zh-CN,zh;q=0.8,en-US;q=0.5,en;q=0.3',
  'accept' => '*/*',
  'user-agent' => 'Mozilla/5.0 (Macintosh; Intel Mac OS X 10.12; rv:55.0) Gecko/20100101 Firefox/55.0',
  'host' => 'r.com',
)
[ info ] [ PARAM ] array (
)
[ info ] [ BEHAVIOR ] Run app\behavior\Define @module_init [ RunTime:0.000080s ]
[ info ] [ BEHAVIOR ] Run app\behavior\ChangeTheme @module_init [ RunTime:0.000374s ]
[ info ] [ LOG ] INIT File
---------------------------------------------------------------
[ 2017-09-25T18:07:23+08:00 ] ::1 ::1 GET /index.php/install/index/index.html
[ info ] r.com/index.php/install/index/index.html [运行时间：0.085967s][吞吐率：11.63req/s] [内存消耗：2,880.37kb] [文件加载：44]
[ info ] [ LANG ] /Users/ima/GitHub/rhaphp/thinkphp/lang/zh-cn.php
[ info ] [ ROUTE ] array (
  'type' => 'module',
  'module' => 
  array (
    0 => 'install',
    1 => 'index',
    2 => 'index',
  ),
)
[ info ] [ HEADER ] array (
  'connection' => 'keep-alive',
  'cookie' => 'admin=think%3A%7B%22id%22%3A%221%22%2C%22admin_name%22%3A%22admin%22%2C%22password%22%3A%222eed9b3a0ef3b6562bc9e378e8f1c9e3%22%2C%22status%22%3A%221%22%2C%22ip%22%3A%220.0.0.0%22%2C%22last_time%22%3A%221506308808%22%2C%22rand_str%22%3A%22pyYThK%22%2C%22admin_id%22%3A%221%22%7D; PHPSESSID=82a19580b07dbd41b71aa8fbf20f54ca',
  'x-requested-with' => 'XMLHttpRequest',
  'referer' => 'http://r.com/index.php/mp/mp/index.html',
  'accept-encoding' => 'gzip, deflate',
  'accept-language' => 'zh-CN,zh;q=0.8,en-US;q=0.5,en;q=0.3',
  'accept' => '*/*',
  'user-agent' => 'Mozilla/5.0 (Macintosh; Intel Mac OS X 10.12; rv:55.0) Gecko/20100101 Firefox/55.0',
  'host' => 'r.com',
)
[ info ] [ PARAM ] array (
)
[ info ] [ BEHAVIOR ] Run app\behavior\Define @module_init [ RunTime:0.000081s ]
[ info ] [ BEHAVIOR ] Run app\behavior\ChangeTheme @module_init [ RunTime:0.000277s ]
[ info ] [ RUN ] app\install\controller\Index->index[ /Users/ima/GitHub/rhaphp/application/install/controller/Index.php ]
[ info ] [ VIEW ] /Users/ima/GitHub/rhaphp/application/install/view/index/index.html [ array (
  0 => 'status',
) ]
[ info ] [ SESSION ] INIT array (
  'id' => '',
  'var_session_id' => '',
  'prefix' => 'think',
  'type' => '',
  'auto_start' => true,
)
[ info ] [ LOG ] INIT File
---------------------------------------------------------------
[ 2017-09-25T18:07:33+08:00 ] ::1 ::1 GET /index.php/mp/message/getmsgstatustotal.html
[ info ] r.com/index.php/mp/message/getmsgstatustotal.html [运行时间：0.163317s][吞吐率：6.12req/s] [内存消耗：2,578.15kb] [文件加载：42]
[ info ] [ LANG ] /Users/ima/GitHub/rhaphp/thinkphp/lang/zh-cn.php
[ info ] [ ROUTE ] array (
  'type' => 'module',
  'module' => 
  array (
    0 => 'mp',
    1 => 'message',
    2 => 'getmsgstatustotal',
  ),
)
[ info ] [ HEADER ] array (
  'connection' => 'keep-alive',
  'cookie' => 'admin=think%3A%7B%22id%22%3A%221%22%2C%22admin_name%22%3A%22admin%22%2C%22password%22%3A%222eed9b3a0ef3b6562bc9e378e8f1c9e3%22%2C%22status%22%3A%221%22%2C%22ip%22%3A%220.0.0.0%22%2C%22last_time%22%3A%221506308808%22%2C%22rand_str%22%3A%22pyYThK%22%2C%22admin_id%22%3A%221%22%7D; PHPSESSID=82a19580b07dbd41b71aa8fbf20f54ca',
  'referer' => 'http://r.com/index.php/mp/mp/index.html',
  'x-requested-with' => 'XMLHttpRequest',
  'accept-encoding' => 'gzip, deflate',
  'accept-language' => 'zh-CN,zh;q=0.8,en-US;q=0.5,en;q=0.3',
  'accept' => '*/*',
  'user-agent' => 'Mozilla/5.0 (Macintosh; Intel Mac OS X 10.12; rv:55.0) Gecko/20100101 Firefox/55.0',
  'host' => 'r.com',
)
[ info ] [ PARAM ] array (
)
[ info ] [ BEHAVIOR ] Run app\behavior\Define @module_init [ RunTime:0.000096s ]
[ info ] [ BEHAVIOR ] Run app\behavior\ChangeTheme @module_init [ RunTime:0.000438s ]
[ info ] [ LOG ] INIT File
---------------------------------------------------------------
[ 2017-09-25T18:07:33+08:00 ] ::1 ::1 GET /index.php/install/index/index.html
[ info ] r.com/index.php/install/index/index.html [运行时间：0.030843s][吞吐率：32.42req/s] [内存消耗：2,638.77kb] [文件加载：42]
[ info ] [ LANG ] /Users/ima/GitHub/rhaphp/thinkphp/lang/zh-cn.php
[ info ] [ ROUTE ] array (
  'type' => 'module',
  'module' => 
  array (
    0 => 'install',
    1 => 'index',
    2 => 'index',
  ),
)
[ info ] [ HEADER ] array (
  'connection' => 'keep-alive',
  'cookie' => 'admin=think%3A%7B%22id%22%3A%221%22%2C%22admin_name%22%3A%22admin%22%2C%22password%22%3A%222eed9b3a0ef3b6562bc9e378e8f1c9e3%22%2C%22status%22%3A%221%22%2C%22ip%22%3A%220.0.0.0%22%2C%22last_time%22%3A%221506308808%22%2C%22rand_str%22%3A%22pyYThK%22%2C%22admin_id%22%3A%221%22%7D; PHPSESSID=82a19580b07dbd41b71aa8fbf20f54ca',
  'x-requested-with' => 'XMLHttpRequest',
  'referer' => 'http://r.com/index.php/mp/mp/index.html',
  'accept-encoding' => 'gzip, deflate',
  'accept-language' => 'zh-CN,zh;q=0.8,en-US;q=0.5,en;q=0.3',
  'accept' => '*/*',
  'user-agent' => 'Mozilla/5.0 (Macintosh; Intel Mac OS X 10.12; rv:55.0) Gecko/20100101 Firefox/55.0',
  'host' => 'r.com',
)
[ info ] [ PARAM ] array (
)
[ info ] [ BEHAVIOR ] Run app\behavior\Define @module_init [ RunTime:0.000082s ]
[ info ] [ BEHAVIOR ] Run app\behavior\ChangeTheme @module_init [ RunTime:0.000249s ]
[ info ] [ RUN ] app\install\controller\Index->index[ /Users/ima/GitHub/rhaphp/application/install/controller/Index.php ]
[ info ] [ VIEW ] /Users/ima/GitHub/rhaphp/application/install/view/index/index.html [ array (
  0 => 'status',
) ]
[ info ] [ SESSION ] INIT array (
  'id' => '',
  'var_session_id' => '',
  'prefix' => 'think',
  'type' => '',
  'auto_start' => true,
)
[ info ] [ LOG ] INIT File
---------------------------------------------------------------
[ 2017-09-25T18:07:43+08:00 ] ::1 ::1 GET /index.php/mp/message/getmsgstatustotal.html
[ info ] r.com/index.php/mp/message/getmsgstatustotal.html [运行时间：0.028238s][吞吐率：35.41req/s] [内存消耗：2,578.15kb] [文件加载：42]
[ info ] [ LANG ] /Users/ima/GitHub/rhaphp/thinkphp/lang/zh-cn.php
[ info ] [ ROUTE ] array (
  'type' => 'module',
  'module' => 
  array (
    0 => 'mp',
    1 => 'message',
    2 => 'getmsgstatustotal',
  ),
)
[ info ] [ HEADER ] array (
  'connection' => 'keep-alive',
  'cookie' => 'admin=think%3A%7B%22id%22%3A%221%22%2C%22admin_name%22%3A%22admin%22%2C%22password%22%3A%222eed9b3a0ef3b6562bc9e378e8f1c9e3%22%2C%22status%22%3A%221%22%2C%22ip%22%3A%220.0.0.0%22%2C%22last_time%22%3A%221506308808%22%2C%22rand_str%22%3A%22pyYThK%22%2C%22admin_id%22%3A%221%22%7D; PHPSESSID=82a19580b07dbd41b71aa8fbf20f54ca',
  'referer' => 'http://r.com/index.php/mp/mp/index.html',
  'x-requested-with' => 'XMLHttpRequest',
  'accept-encoding' => 'gzip, deflate',
  'accept-language' => 'zh-CN,zh;q=0.8,en-US;q=0.5,en;q=0.3',
  'accept' => '*/*',
  'user-agent' => 'Mozilla/5.0 (Macintosh; Intel Mac OS X 10.12; rv:55.0) Gecko/20100101 Firefox/55.0',
  'host' => 'r.com',
)
[ info ] [ PARAM ] array (
)
[ info ] [ BEHAVIOR ] Run app\behavior\Define @module_init [ RunTime:0.000080s ]
[ info ] [ BEHAVIOR ] Run app\behavior\ChangeTheme @module_init [ RunTime:0.000371s ]
[ info ] [ LOG ] INIT File
---------------------------------------------------------------
[ 2017-09-25T18:07:43+08:00 ] ::1 ::1 GET /index.php/install/index/index.html
[ info ] r.com/index.php/install/index/index.html [运行时间：0.030144s][吞吐率：33.17req/s] [内存消耗：2,638.77kb] [文件加载：42]
[ info ] [ LANG ] /Users/ima/GitHub/rhaphp/thinkphp/lang/zh-cn.php
[ info ] [ ROUTE ] array (
  'type' => 'module',
  'module' => 
  array (
    0 => 'install',
    1 => 'index',
    2 => 'index',
  ),
)
[ info ] [ HEADER ] array (
  'connection' => 'keep-alive',
  'cookie' => 'admin=think%3A%7B%22id%22%3A%221%22%2C%22admin_name%22%3A%22admin%22%2C%22password%22%3A%222eed9b3a0ef3b6562bc9e378e8f1c9e3%22%2C%22status%22%3A%221%22%2C%22ip%22%3A%220.0.0.0%22%2C%22last_time%22%3A%221506308808%22%2C%22rand_str%22%3A%22pyYThK%22%2C%22admin_id%22%3A%221%22%7D; PHPSESSID=82a19580b07dbd41b71aa8fbf20f54ca',
  'x-requested-with' => 'XMLHttpRequest',
  'referer' => 'http://r.com/index.php/mp/mp/index.html',
  'accept-encoding' => 'gzip, deflate',
  'accept-language' => 'zh-CN,zh;q=0.8,en-US;q=0.5,en;q=0.3',
  'accept' => '*/*',
  'user-agent' => 'Mozilla/5.0 (Macintosh; Intel Mac OS X 10.12; rv:55.0) Gecko/20100101 Firefox/55.0',
  'host' => 'r.com',
)
[ info ] [ PARAM ] array (
)
[ info ] [ BEHAVIOR ] Run app\behavior\Define @module_init [ RunTime:0.000076s ]
[ info ] [ BEHAVIOR ] Run app\behavior\ChangeTheme @module_init [ RunTime:0.000241s ]
[ info ] [ RUN ] app\install\controller\Index->index[ /Users/ima/GitHub/rhaphp/application/install/controller/Index.php ]
[ info ] [ VIEW ] /Users/ima/GitHub/rhaphp/application/install/view/index/index.html [ array (
  0 => 'status',
) ]
[ info ] [ SESSION ] INIT array (
  'id' => '',
  'var_session_id' => '',
  'prefix' => 'think',
  'type' => '',
  'auto_start' => true,
)
[ info ] [ LOG ] INIT File
